<?xml version="1.0" encoding="UTF-8"?>
<!-- Generated by org.testng.reporters.JUnitReportReporter -->
<testsuite hostname="apeksha-PC" failures="0" tests="1" name="com.crm.qa.testcases.FreeCrmTest" time="31.472" errors="0" timestamp="04 Sep 2021 12:31:11 GMT" skipped="0">
  <testcase classname="com.crm.qa.testcases.FreeCrmTest" name="freeCrmTitleTest" time="31.472"/>
</testsuite> <!-- com.crm.qa.testcases.FreeCrmTest -->
