<?xml version="1.0" encoding="UTF-8"?>
<!-- Generated by org.testng.reporters.JUnitReportReporter -->
<testsuite hostname="apeksha-PC" failures="0" tests="1" name="WM.dockerDemo" time="9.443" errors="0" timestamp="11 Sep 2021 15:24:02 GMT" skipped="0">
  <testcase classname="WM.dockerDemo" name="testApp" time="9.443"/>
</testsuite> <!-- WM.dockerDemo -->
